Repo: /Users/dirkverstraete/Documents/threaddesigner/maestro-d-threat-modeling
Endpoint: http://127.0.0.1:8002/v1
Model: gemma-4-12B-it-8bit

--- Turn 1/1 ---
Calling oMLX (this may take several minutes)...
Full response logged: scripts/last_builder_response_turn1.md
Wrote docker-compose.yml
Wrote backend/api/requirements.txt
Wrote backend/api/Dockerfile
Wrote backend/api/main.py
Wrote backend/agent/requirements.txt
Wrote backend/agent/Dockerfile
Wrote backend/agent/main.py
Wrote test/test_health.py
Wrote README.md
Wrote slicedworkload.md

Done. 10 file(s) written.

Next steps:
  1. Review changes: git diff
  2. Run DoD from docs/specs/slice-000-scaffold.md
  3. Switch to Maestro in Cursor for review → VERIFIED
