Repo: /Users/dirkverstraete/Documents/threaddesigner/maestro-d-threat-modeling
Endpoint: http://127.0.0.1:8002/v1
Model: gemma-4-12B-it-8bit

--- Turn 1/1 ---
Calling oMLX (this may take several minutes)...
Full response logged: scripts/last_builder_response_turn1.md
Wrote backend/api/requirements.txt
Wrote backend/api/database.py
Wrote backend/api/models.py
Wrote backend/api/alembic.ini
Wrote backend/api/alembic/env.py
Wrote backend/api/alembic/script.py.mako
Wrote backend/api/alembic/versions/001_initial_schema.py
Wrote backend/api/main.py
Wrote backend/api/Dockerfile
Wrote test/test_db.py
Wrote slicedworkload.md

Done. 11 file(s) written.

Next steps:
  1. Review changes: git diff
  2. Run DoD from docs/specs/slice-000-scaffold.md
  3. Switch to Maestro in Cursor for review → VERIFIED
