Repo: /Users/dirkverstraete/Documents/threaddesigner/maestro-d-threat-modeling
Endpoint: http://127.0.0.1:8002/v1
Model: gemma-4-12B-it-8bit
Prompt mode: slim (BLOCKERS)
Max output tokens: 4500

--- Turn 1/1 ---
Calling oMLX (budget ~5 min)...
Response logged: scripts/last_builder_response_turn1.md (4317 chars)
Wrote backend/api/requirements.txt
Wrote backend/api/storage.py
Wrote backend/api/routes/diagrams.py
Wrote backend/api/main.py
Traceback (most recent call last):
  File "/Users/dirkverstraete/Documents/threaddesigner/maestro-d-threat-modeling/scripts/local_builder.py", line 377, in <module>
    raise SystemExit(main())
  File "/Users/dirkverstraete/Documents/threaddesigner/maestro-d-threat-modeling/scripts/local_builder.py", line 361, in main
    written = apply_files(repo, blocks, args.dry_run)
  File "/Users/dirkverstraete/Documents/threaddesigner/maestro-d-threat-modeling/scripts/local_builder.py", line 191, in apply_files
    target = resolve_target(repo, rel_path)
  File "/Users/dirkverstraete/Documents/threaddesigner/maestro-d-threat-modeling/scripts/local_builder.py", line 184, in resolve_target
    raise ValueError(f"Refusing path outside repo: {rel_path}")
ValueError: Refusing path outside repo: ../../slicedworkload.md
